08-05-2016 @ 07:44:29 - Queuing 2.6.0 - wc_update_260_options
08-05-2016 @ 07:44:29 - Queuing 2.6.0 - wc_update_260_termmeta
08-05-2016 @ 07:44:29 - Queuing 2.6.0 - wc_update_260_zones
08-05-2016 @ 07:44:29 - Queuing 2.6.0 - wc_update_260_zone_methods
08-05-2016 @ 07:44:29 - Queuing 2.6.0 - wc_update_260_refunds
08-05-2016 @ 07:44:29 - Queuing 2.6.0 - wc_update_260_db_version
08-05-2016 @ 07:44:31 - Unable to dispatch WooCommerce updater: Operation timed out after 1000 milliseconds with 0 bytes received
08-05-2016 @ 07:44:31 - Running wc_update_260_options callback
08-05-2016 @ 07:44:31 - Finished wc_update_260_options callback
08-05-2016 @ 07:44:31 - Running wc_update_260_termmeta callback
08-05-2016 @ 07:44:31 - Finished wc_update_260_termmeta callback
08-05-2016 @ 07:44:31 - Running wc_update_260_zones callback
08-05-2016 @ 07:44:31 - Finished wc_update_260_zones callback
08-05-2016 @ 07:44:31 - Running wc_update_260_zone_methods callback
08-05-2016 @ 07:44:31 - Finished wc_update_260_zone_methods callback
08-05-2016 @ 07:44:31 - Running wc_update_260_refunds callback
08-05-2016 @ 07:44:31 - Finished wc_update_260_refunds callback
08-05-2016 @ 07:44:31 - Running wc_update_260_db_version callback
08-05-2016 @ 07:44:31 - Finished wc_update_260_db_version callback
08-05-2016 @ 07:44:32 - Data update complete
